fabflixmobile/app/build/intermediates/manifest_merge_blame_file/debug/manifest-merger-blame-debug-report.txt
1<?xml version="1.0" encoding="utf-8"?>
2<manifest xmlns:android="http://schemas.android.com/apk/res/android"
3    package="fabflix.mobile"
4    android:versionCode="1"
5    android:versionName="1.0" >
6
7    <uses-sdk
8        android:minSdkVersion="14"
8-->src/main/AndroidManifest.xml
9        android:targetSdkVersion="30" />
9-->src/main/AndroidManifest.xml
10    <!-- This line is needed to enable HTTP connection -->
11    <uses-permission android:name="android.permission.INTERNET" />
11-->src/main/AndroidManifest.xml:5:5-66
11-->src/main/AndroidManifest.xml:5:22-64
12
13    <application
13-->src/main/AndroidManifest.xml:6:5-28:19
14        android:allowBackup="true"
14-->src/main/AndroidManifest.xml:7:13-39
15        android:debuggable="true"
16        android:icon="@mipmap/ic_launcher"
16-->src/main/AndroidManifest.xml:8:13-47
17        android:label="@string/app_name"
17-->src/main/AndroidManifest.xml:9:13-45
18        android:supportsRtl="true"
18-->src/main/AndroidManifest.xml:10:13-39
19        android:testOnly="true"
20        android:theme="@style/AppTheme"
20-->src/main/AndroidManifest.xml:12:13-44
21        android:usesCleartextTraffic="true" >
21-->src/main/AndroidManifest.xml:11:13-48
22
23        <!-- Need to define every activity in the AndroidManifest otherwise won't be visible -->
24        <activity
24-->src/main/AndroidManifest.xml:14:9-22:20
25            android:name="fabflixmobile.Login"
25-->src/main/AndroidManifest.xml:15:17-38
26            android:label="@string/app_name" >
26-->src/main/AndroidManifest.xml:16:17-49
27            <intent-filter>
27-->src/main/AndroidManifest.xml:17:13-21:29
28
29                <!-- This line sets which activity to be the home page -->
30                <action android:name="android.intent.action.MAIN" />
30-->src/main/AndroidManifest.xml:19:17-68
30-->src/main/AndroidManifest.xml:19:25-66
31
32                <category android:name="android.intent.category.LAUNCHER" />
32-->src/main/AndroidManifest.xml:20:17-76
32-->src/main/AndroidManifest.xml:20:27-74
33            </intent-filter>
34        </activity>
35        <activity android:name="fabflixmobile.SearchViewActivity" />
35-->src/main/AndroidManifest.xml:23:9-65
35-->src/main/AndroidManifest.xml:23:19-53
36        <activity android:name="fabflixmobile.ListViewActivity" />
36-->src/main/AndroidManifest.xml:24:9-63
36-->src/main/AndroidManifest.xml:24:19-51
37        <activity android:name="fabflixmobile.SingleMovieViewActivity" />
37-->src/main/AndroidManifest.xml:25:9-70
37-->src/main/AndroidManifest.xml:25:19-58
38        <!-- By default Android supports only HTTPS connection. To enable HTTP, the below line is needed -->
39        <uses-library
39-->src/main/AndroidManifest.xml:27:9-87
40            android:name="org.apache.http.legacy"
40-->src/main/AndroidManifest.xml:27:23-60
41            android:required="false" />
41-->src/main/AndroidManifest.xml:27:61-85
42
43        <activity
43-->[com.google.android.gms:play-services-base:15.0.1] AndroidManifest.xml:23:9-26:75
44            android:name="com.google.android.gms.common.api.GoogleApiActivity"
44-->[com.google.android.gms:play-services-base:15.0.1] AndroidManifest.xml:24:13-79
45            android:exported="false"
45-->[com.google.android.gms:play-services-base:15.0.1] AndroidManifest.xml:25:13-37
46            android:theme="@android:style/Theme.Translucent.NoTitleBar" />
46-->[com.google.android.gms:play-services-base:15.0.1] AndroidManifest.xml:26:13-72
47
48        <meta-data
48-->[com.google.android.gms:play-services-basement:15.0.1] AndroidManifest.xml:23:9-25:69
49            android:name="com.google.android.gms.version"
49-->[com.google.android.gms:play-services-basement:15.0.1] AndroidManifest.xml:24:13-58
50            android:value="@integer/google_play_services_version" />
50-->[com.google.android.gms:play-services-basement:15.0.1] AndroidManifest.xml:25:13-66
51        <meta-data
51-->[com.android.support:support-v4:26.1.0] AndroidManifest.xml:26:9-28:38
52            android:name="android.support.VERSION"
52-->[com.android.support:support-v4:26.1.0] AndroidManifest.xml:27:13-51
53            android:value="26.1.0" />
53-->[com.android.support:support-v4:26.1.0] AndroidManifest.xml:28:13-35
54        <meta-data
54-->[android.arch.lifecycle:runtime:1.0.0] AndroidManifest.xml:25:9-27:47
55            android:name="android.arch.lifecycle.VERSION"
55-->[android.arch.lifecycle:runtime:1.0.0] AndroidManifest.xml:26:13-58
56            android:value="27.0.0-SNAPSHOT" />
56-->[android.arch.lifecycle:runtime:1.0.0] AndroidManifest.xml:27:13-44
57    </application>
58
59</manifest>